<?xml version="1.0" encoding="UTF-8"?>
<!-- Generated by org.testng.reporters.JUnitReportReporter -->
<testsuite skipped="0" hostname="AlmogNahum" name="asos.test.chooseCountryTest" tests="1" failures="0" timestamp="11 Apr 2018 12:09:05 GMT" time="28.153" errors="0">
  <testcase name="ChooseCountryCurrency" time="28.153" classname="asos.test.chooseCountryTest"/>
</testsuite> <!-- asos.test.chooseCountryTest -->
