<?xml version="1.0" encoding="UTF-8"?>
<!-- Generated by org.testng.reporters.JUnitReportReporter -->
<testsuite skipped="0" hostname="AlmogNahum" name="asos.test.SignUpTest" tests="4" failures="0" timestamp="11 Apr 2018 13:05:33 GMT" time="114.392" errors="0">
  <testcase name="BadPassword_NoNumbers" time="26.228" classname="asos.test.SignUpTest"/>
  <testcase name="BadPassword_FirstNameEmpty" time="33.865" classname="asos.test.SignUpTest"/>
  <testcase name="HappyFlow" time="24.993" classname="asos.test.SignUpTest"/>
  <testcase name="BadPassword_LessThan6Letters" time="29.306" classname="asos.test.SignUpTest"/>
</testsuite> <!-- asos.test.SignUpTest -->
