<?xml version="1.0" encoding="UTF-8"?>
<!-- Generated by org.testng.reporters.JUnitReportReporter -->
<testsuite skipped="0" hostname="AlmogNahum" name="asos.test.searchCareerTest" tests="1" failures="0" timestamp="11 Apr 2018 13:05:33 GMT" time="76.573" errors="0">
  <testcase name="searchCareer" time="76.573" classname="asos.test.searchCareerTest"/>
</testsuite> <!-- asos.test.searchCareerTest -->
